<?xml version="1.0" encoding="UTF-8"?>
<testng-results ignored="0" total="2" passed="2" failed="0" skipped="0">
  <reporter-output>
  </reporter-output>
  <suite started-at="2023-02-23T12:00:20 EST" name="Default suite" finished-at="2023-02-23T12:00:21 EST" duration-ms="870">
    <groups>
      <group name="cucumber">
        <method signature="AbstractTestNGCucumberTests.runScenario(io.cucumber.testng.PickleWrapper,io.cucumber.testng.FeatureWrapper)[pri:0, instance:TestRunner.TestRunner@6f10d5b6]" name="runScenario" class="io.cucumber.testng.AbstractTestNGCucumberTests"/>
      </group> <!-- cucumber -->
    </groups>
    <test started-at="2023-02-23T12:00:20 EST" name="Default test" finished-at="2023-02-23T12:00:21 EST" duration-ms="870">
      <class name="TestRunner.TestRunner">
        <test-method is-config="true" signature="setUpClass(org.testng.ITestContext)[pri:0, instance:TestRunner.TestRunner@6f10d5b6]" started-at="2023-02-23T12:00:20 EST" name="setUpClass" finished-at="2023-02-23T12:00:21 EST" duration-ms="370" status="PASS">
          <params>
            <param index="0">
              <value>
                <![CDATA[org.testng.TestRunner@39ce27f2]]>
              </value>
            </param>
          </params>
          <reporter-output>
          </reporter-output>
        </test-method> <!-- setUpClass -->
        <test-method signature="runScenario(io.cucumber.testng.PickleWrapper,io.cucumber.testng.FeatureWrapper)[pri:0, instance:TestRunner.TestRunner@6f10d5b6]" started-at="2023-02-23T12:00:21 EST" name="runScenario" description="Runs Cucumber Scenarios" data-provider="scenarios" finished-at="2023-02-23T12:00:21 EST" duration-ms="94" status="PASS">
          <params>
            <param index="0">
              <value>
                <![CDATA["Verify search works for different data"]]>
              </value>
            </param>
            <param index="1">
              <value>
                <![CDATA["Verify search functionality"]]>
              </value>
            </param>
          </params>
          <reporter-output>
          </reporter-output>
        </test-method> <!-- runScenario -->
        <test-method signature="runScenario(io.cucumber.testng.PickleWrapper,io.cucumber.testng.FeatureWrapper)[pri:0, instance:TestRunner.TestRunner@6f10d5b6]" started-at="2023-02-23T12:00:21 EST" name="runScenario" description="Runs Cucumber Scenarios" data-provider="scenarios" finished-at="2023-02-23T12:00:21 EST" duration-ms="6" status="PASS">
          <params>
            <param index="0">
              <value>
                <![CDATA["Verify search works for different data"]]>
              </value>
            </param>
            <param index="1">
              <value>
                <![CDATA["Verify search functionality"]]>
              </value>
            </param>
          </params>
          <reporter-output>
          </reporter-output>
        </test-method> <!-- runScenario -->
        <test-method is-config="true" signature="tearDownClass()[pri:0, instance:TestRunner.TestRunner@6f10d5b6]" started-at="2023-02-23T12:00:21 EST" name="tearDownClass" finished-at="2023-02-23T12:00:21 EST" duration-ms="324" status="PASS">
          <reporter-output>
          </reporter-output>
        </test-method> <!-- tearDownClass -->
      </class> <!-- TestRunner.TestRunner -->
    </test> <!-- Default test -->
  </suite> <!-- Default suite -->
</testng-results>
